2025-04-07 13:23:45,163 - INFO - Début de la génération de la documentation...
2025-04-07 13:23:45,169 - ERROR - Erreur lors de la génération de la documentation du module C:\Users\CDA-05\Desktop\BarrelMCD-python-main\generate_docs.py: 'FunctionDef' object has no attribute 'parent'
2025-04-07 13:23:45,170 - ERROR - Erreur lors de la génération de la documentation du module C:\Users\CDA-05\Desktop\BarrelMCD-python-main\main.py: 'FunctionDef' object has no attribute 'parent'
2025-04-07 13:23:45,171 - ERROR - Erreur lors de la génération de la documentation du module C:\Users\CDA-05\Desktop\BarrelMCD-python-main\BarrelMCD-python-main\main.py: 'FunctionDef' object has no attribute 'parent'
2025-04-07 13:23:45,176 - ERROR - Erreur lors de la génération de la documentation du module C:\Users\CDA-05\Desktop\BarrelMCD-python-main\models\config_manager.py: 'FunctionDef' object has no attribute 'parent'
2025-04-07 13:23:45,181 - ERROR - Erreur lors de la génération de la documentation du module C:\Users\CDA-05\Desktop\BarrelMCD-python-main\models\doc_generator.py: 'FunctionDef' object has no attribute 'parent'
2025-04-07 13:23:45,186 - ERROR - Erreur lors de la génération de la documentation du module C:\Users\CDA-05\Desktop\BarrelMCD-python-main\models\error_handler.py: 'FunctionDef' object has no attribute 'parent'
2025-04-07 13:23:45,189 - ERROR - Erreur lors de la génération de la documentation du module C:\Users\CDA-05\Desktop\BarrelMCD-python-main\models\file_manager.py: 'FunctionDef' object has no attribute 'parent'
2025-04-07 13:23:45,192 - ERROR - Erreur lors de la génération de la documentation du module C:\Users\CDA-05\Desktop\BarrelMCD-python-main\models\font_manager.py: 'FunctionDef' object has no attribute 'parent'
2025-04-07 13:23:45,195 - ERROR - Erreur lors de la génération de la documentation du module C:\Users\CDA-05\Desktop\BarrelMCD-python-main\models\resource_manager.py: 'FunctionDef' object has no attribute 'parent'
2025-04-07 13:23:45,197 - ERROR - Erreur lors de la génération de la documentation du module C:\Users\CDA-05\Desktop\BarrelMCD-python-main\views\error_handler.py: 'FunctionDef' object has no attribute 'parent'
2025-04-07 13:23:45,213 - ERROR - Erreur lors de la génération de la documentation du module C:\Users\CDA-05\Desktop\BarrelMCD-python-main\BarrelMCD-python-main\i18n\language_manager.py: 'FunctionDef' object has no attribute 'parent'
2025-04-07 13:23:45,222 - ERROR - Erreur lors de la génération de la documentation du module C:\Users\CDA-05\Desktop\BarrelMCD-python-main\BarrelMCD-python-main\i18n\__init__.py: 'FunctionDef' object has no attribute 'parent'
2025-04-07 13:23:45,223 - ERROR - Erreur lors de la génération de la documentation du module C:\Users\CDA-05\Desktop\BarrelMCD-python-main\BarrelMCD-python-main\models\app_visual.py: 'FunctionDef' object has no attribute 'parent'
2025-04-07 13:23:45,231 - ERROR - Erreur lors de la génération de la documentation du module C:\Users\CDA-05\Desktop\BarrelMCD-python-main\BarrelMCD-python-main\models\association.py: 'FunctionDef' object has no attribute 'parent'
2025-04-07 13:23:45,234 - ERROR - Erreur lors de la génération de la documentation du module C:\Users\CDA-05\Desktop\BarrelMCD-python-main\BarrelMCD-python-main\models\bar_format.py: 'FunctionDef' object has no attribute 'parent'
2025-04-07 13:23:45,237 - ERROR - Erreur lors de la génération de la documentation du module C:\Users\CDA-05\Desktop\BarrelMCD-python-main\BarrelMCD-python-main\models\data_types.py: 'FunctionDef' object has no attribute 'parent'
2025-04-07 13:23:45,240 - ERROR - Erreur lors de la génération de la documentation du module C:\Users\CDA-05\Desktop\BarrelMCD-python-main\BarrelMCD-python-main\models\entity.py: 'FunctionDef' object has no attribute 'parent'
2025-04-07 13:23:45,249 - ERROR - Erreur lors de la génération de la documentation du module C:\Users\CDA-05\Desktop\BarrelMCD-python-main\BarrelMCD-python-main\models\flexible_arrow.py: 'FunctionDef' object has no attribute 'parent'
2025-04-07 13:23:45,257 - ERROR - Erreur lors de la génération de la documentation du module C:\Users\CDA-05\Desktop\BarrelMCD-python-main\BarrelMCD-python-main\models\magnetic_arrow.py: 'FunctionDef' object has no attribute 'parent'
2025-04-07 13:23:45,259 - ERROR - Erreur lors de la génération de la documentation du module C:\Users\CDA-05\Desktop\BarrelMCD-python-main\BarrelMCD-python-main\models\save_manager.py: 'FunctionDef' object has no attribute 'parent'
2025-04-07 13:23:45,264 - ERROR - Erreur lors de la génération de la documentation du module C:\Users\CDA-05\Desktop\BarrelMCD-python-main\BarrelMCD-python-main\models\sql_generator.py: 'FunctionDef' object has no attribute 'parent'
2025-04-07 13:23:45,266 - ERROR - Erreur lors de la génération de la documentation du module C:\Users\CDA-05\Desktop\BarrelMCD-python-main\BarrelMCD-python-main\tests\conftest.py: 'FunctionDef' object has no attribute 'parent'
2025-04-07 13:23:45,269 - ERROR - Erreur lors de la génération de la documentation du module C:\Users\CDA-05\Desktop\BarrelMCD-python-main\BarrelMCD-python-main\tests\test_data_analyzer.py: 'FunctionDef' object has no attribute 'parent'
2025-04-07 13:23:45,271 - ERROR - Erreur lors de la génération de la documentation du module C:\Users\CDA-05\Desktop\BarrelMCD-python-main\BarrelMCD-python-main\tests\test_mcd_drawer.py: 'FunctionDef' object has no attribute 'parent'
2025-04-07 13:23:45,274 - ERROR - Erreur lors de la génération de la documentation du module C:\Users\CDA-05\Desktop\BarrelMCD-python-main\BarrelMCD-python-main\tests\test_model_converter.py: 'FunctionDef' object has no attribute 'parent'
2025-04-07 13:23:45,276 - ERROR - Erreur lors de la génération de la documentation du module C:\Users\CDA-05\Desktop\BarrelMCD-python-main\BarrelMCD-python-main\tests\test_sql_inspector.py: 'FunctionDef' object has no attribute 'parent'
2025-04-07 13:23:45,279 - ERROR - Erreur lors de la génération de la documentation du module C:\Users\CDA-05\Desktop\BarrelMCD-python-main\BarrelMCD-python-main\views\advanced_associations.py: 'FunctionDef' object has no attribute 'parent'
2025-04-07 13:23:45,282 - ERROR - Erreur lors de la génération de la documentation du module C:\Users\CDA-05\Desktop\BarrelMCD-python-main\BarrelMCD-python-main\views\animations.py: 'FunctionDef' object has no attribute 'parent'
2025-04-07 13:23:45,286 - ERROR - Erreur lors du traitement du fichier C:\Users\CDA-05\Desktop\BarrelMCD-python-main\BarrelMCD-python-main\views\canvas.py: expected an indented block after 'try' statement on line 243 (<unknown>, line 244)
2025-04-07 13:23:45,297 - ERROR - Erreur lors de la génération de la documentation du module C:\Users\CDA-05\Desktop\BarrelMCD-python-main\BarrelMCD-python-main\views\data_analyzer.py: 'FunctionDef' object has no attribute 'parent'
2025-04-07 13:23:45,301 - ERROR - Erreur lors de la génération de la documentation du module C:\Users\CDA-05\Desktop\BarrelMCD-python-main\BarrelMCD-python-main\views\dialogs.py: 'FunctionDef' object has no attribute 'parent'
2025-04-07 13:23:45,306 - ERROR - Erreur lors de la génération de la documentation du module C:\Users\CDA-05\Desktop\BarrelMCD-python-main\BarrelMCD-python-main\views\documentation.py: 'FunctionDef' object has no attribute 'parent'
2025-04-07 13:23:45,309 - ERROR - Erreur lors de la génération de la documentation du module C:\Users\CDA-05\Desktop\BarrelMCD-python-main\BarrelMCD-python-main\views\error_handler.py: 'FunctionDef' object has no attribute 'parent'
2025-04-07 13:23:45,311 - ERROR - Erreur lors de la génération de la documentation du module C:\Users\CDA-05\Desktop\BarrelMCD-python-main\BarrelMCD-python-main\views\feedback.py: 'FunctionDef' object has no attribute 'parent'
2025-04-07 13:23:45,314 - ERROR - Erreur lors de la génération de la documentation du module C:\Users\CDA-05\Desktop\BarrelMCD-python-main\BarrelMCD-python-main\views\gestures.py: 'FunctionDef' object has no attribute 'parent'
2025-04-07 13:23:45,318 - ERROR - Erreur lors de la génération de la documentation du module C:\Users\CDA-05\Desktop\BarrelMCD-python-main\BarrelMCD-python-main\views\help_system.py: 'FunctionDef' object has no attribute 'parent'
2025-04-07 13:23:45,320 - ERROR - Erreur lors de la génération de la documentation du module C:\Users\CDA-05\Desktop\BarrelMCD-python-main\BarrelMCD-python-main\views\language_menu.py: 'FunctionDef' object has no attribute 'parent'
2025-04-07 13:23:45,323 - ERROR - Erreur lors de la génération de la documentation du module C:\Users\CDA-05\Desktop\BarrelMCD-python-main\BarrelMCD-python-main\views\main_window.py: 'FunctionDef' object has no attribute 'parent'
2025-04-07 13:23:45,327 - ERROR - Erreur lors de la génération de la documentation du module C:\Users\CDA-05\Desktop\BarrelMCD-python-main\BarrelMCD-python-main\views\mcd_drawer.py: 'FunctionDef' object has no attribute 'parent'
2025-04-07 13:23:45,330 - ERROR - Erreur lors de la génération de la documentation du module C:\Users\CDA-05\Desktop\BarrelMCD-python-main\BarrelMCD-python-main\views\mcd_generator.py: 'FunctionDef' object has no attribute 'parent'
2025-04-07 13:23:45,333 - ERROR - Erreur lors de la génération de la documentation du module C:\Users\CDA-05\Desktop\BarrelMCD-python-main\BarrelMCD-python-main\views\mobile_canvas.py: 'FunctionDef' object has no attribute 'parent'
2025-04-07 13:23:45,335 - ERROR - Erreur lors de la génération de la documentation du module C:\Users\CDA-05\Desktop\BarrelMCD-python-main\BarrelMCD-python-main\views\mobile_dialog.py: 'FunctionDef' object has no attribute 'parent'
2025-04-07 13:23:45,338 - ERROR - Erreur lors de la génération de la documentation du module C:\Users\CDA-05\Desktop\BarrelMCD-python-main\BarrelMCD-python-main\views\mobile_menu.py: 'FunctionDef' object has no attribute 'parent'
2025-04-07 13:23:45,340 - ERROR - Erreur lors de la génération de la documentation du module C:\Users\CDA-05\Desktop\BarrelMCD-python-main\BarrelMCD-python-main\views\mobile_status_bar.py: 'FunctionDef' object has no attribute 'parent'
2025-04-07 13:23:45,342 - ERROR - Erreur lors de la génération de la documentation du module C:\Users\CDA-05\Desktop\BarrelMCD-python-main\BarrelMCD-python-main\views\mobile_toolbar.py: 'FunctionDef' object has no attribute 'parent'
2025-04-07 13:23:45,345 - ERROR - Erreur lors de la génération de la documentation du module C:\Users\CDA-05\Desktop\BarrelMCD-python-main\BarrelMCD-python-main\views\mobile_window.py: 'FunctionDef' object has no attribute 'parent'
2025-04-07 13:23:45,350 - ERROR - Erreur lors de la génération de la documentation du module C:\Users\CDA-05\Desktop\BarrelMCD-python-main\BarrelMCD-python-main\views\model_converter.py: 'FunctionDef' object has no attribute 'parent'
2025-04-07 13:23:45,368 - ERROR - Erreur lors de la génération de la documentation du module C:\Users\CDA-05\Desktop\BarrelMCD-python-main\BarrelMCD-python-main\views\model_manager.py: 'FunctionDef' object has no attribute 'parent'
2025-04-07 13:23:45,371 - ERROR - Erreur lors de la génération de la documentation du module C:\Users\CDA-05\Desktop\BarrelMCD-python-main\BarrelMCD-python-main\views\model_manager_dialog.py: 'FunctionDef' object has no attribute 'parent'
2025-04-07 13:23:45,375 - ERROR - Erreur lors de la génération de la documentation du module C:\Users\CDA-05\Desktop\BarrelMCD-python-main\BarrelMCD-python-main\views\model_validator.py: 'FunctionDef' object has no attribute 'parent'
2025-04-07 13:23:45,395 - ERROR - Erreur lors de la génération de la documentation du module C:\Users\CDA-05\Desktop\BarrelMCD-python-main\BarrelMCD-python-main\views\query_inspector.py: 'FunctionDef' object has no attribute 'parent'
2025-04-07 13:23:45,398 - ERROR - Erreur lors de la génération de la documentation du module C:\Users\CDA-05\Desktop\BarrelMCD-python-main\BarrelMCD-python-main\views\responsive_styles.py: 'FunctionDef' object has no attribute 'parent'
2025-04-07 13:23:45,400 - ERROR - Erreur lors du traitement du fichier C:\Users\CDA-05\Desktop\BarrelMCD-python-main\BarrelMCD-python-main\views\sql_generator.py: unexpected character after line continuation character (<unknown>, line 132)
2025-04-07 13:23:45,407 - ERROR - Erreur lors de la génération de la documentation du module C:\Users\CDA-05\Desktop\BarrelMCD-python-main\BarrelMCD-python-main\views\sql_inspector.py: 'FunctionDef' object has no attribute 'parent'
2025-04-07 13:23:45,410 - ERROR - Erreur lors de la génération de la documentation du module C:\Users\CDA-05\Desktop\BarrelMCD-python-main\BarrelMCD-python-main\views\sql_inspector_dialog.py: 'FunctionDef' object has no attribute 'parent'
2025-04-07 13:23:45,413 - ERROR - Erreur lors de la génération de la documentation du module C:\Users\CDA-05\Desktop\BarrelMCD-python-main\BarrelMCD-python-main\views\styles.py: 'FunctionDef' object has no attribute 'parent'
2025-04-07 13:23:45,416 - ERROR - Erreur lors de la génération de la documentation du module C:\Users\CDA-05\Desktop\BarrelMCD-python-main\BarrelMCD-python-main\views\toolbar.py: 'FunctionDef' object has no attribute 'parent'
2025-04-07 13:23:45,418 - ERROR - Erreur lors de la génération de la documentation du module C:\Users\CDA-05\Desktop\BarrelMCD-python-main\BarrelMCD-python-main\views\touch_button.py: 'FunctionDef' object has no attribute 'parent'
2025-04-07 13:23:45,422 - ERROR - Erreur lors de la génération de la documentation du module C:\Users\CDA-05\Desktop\BarrelMCD-python-main\BarrelMCD-python-main\views\touch_optimizer.py: 'FunctionDef' object has no attribute 'parent'
2025-04-07 13:23:45,424 - INFO - Documentation générée avec succès dans C:\Users\CDA-05\Desktop\BarrelMCD-python-main\docs
2025-04-07 13:23:45,424 - INFO - Documentation générée avec succès dans le répertoire 'docs'
2025-04-07 13:23:45,425 - INFO - Vous pouvez ouvrir C:\Users\CDA-05\Desktop\BarrelMCD-python-main\docs\index.html dans votre navigateur
2025-04-07 13:24:02,509 - INFO - Début de la génération de la documentation...
2025-04-07 13:24:02,521 - ERROR - Erreur lors de la génération de la documentation du module C:\Users\CDA-05\Desktop\BarrelMCD-python-main\generate_docs.py: 'DocGenerator' object has no attribute '_generate_function_html'
2025-04-07 13:24:02,523 - ERROR - Erreur lors de la génération de la documentation du module C:\Users\CDA-05\Desktop\BarrelMCD-python-main\main.py: 'DocGenerator' object has no attribute '_generate_function_html'
2025-04-07 13:24:02,524 - ERROR - Erreur lors de la génération de la documentation du module C:\Users\CDA-05\Desktop\BarrelMCD-python-main\BarrelMCD-python-main\main.py: 'DocGenerator' object has no attribute '_generate_function_html'
2025-04-07 13:24:02,636 - ERROR - Erreur lors de la génération de la documentation du module C:\Users\CDA-05\Desktop\BarrelMCD-python-main\BarrelMCD-python-main\i18n\__init__.py: 'DocGenerator' object has no attribute '_generate_function_html'
2025-04-07 13:24:02,637 - ERROR - Erreur lors de la génération de la documentation du module C:\Users\CDA-05\Desktop\BarrelMCD-python-main\BarrelMCD-python-main\models\app_visual.py: 'DocGenerator' object has no attribute '_generate_function_html'
2025-04-07 13:24:02,863 - ERROR - Erreur lors de la génération de la documentation du module C:\Users\CDA-05\Desktop\BarrelMCD-python-main\BarrelMCD-python-main\tests\conftest.py: 'DocGenerator' object has no attribute '_generate_function_html'
2025-04-07 13:24:02,865 - ERROR - Erreur lors de la génération de la documentation du module C:\Users\CDA-05\Desktop\BarrelMCD-python-main\BarrelMCD-python-main\tests\test_data_analyzer.py: 'DocGenerator' object has no attribute '_generate_function_html'
2025-04-07 13:24:02,868 - ERROR - Erreur lors de la génération de la documentation du module C:\Users\CDA-05\Desktop\BarrelMCD-python-main\BarrelMCD-python-main\tests\test_mcd_drawer.py: 'DocGenerator' object has no attribute '_generate_function_html'
2025-04-07 13:24:02,871 - ERROR - Erreur lors de la génération de la documentation du module C:\Users\CDA-05\Desktop\BarrelMCD-python-main\BarrelMCD-python-main\tests\test_model_converter.py: 'DocGenerator' object has no attribute '_generate_function_html'
2025-04-07 13:24:02,873 - ERROR - Erreur lors de la génération de la documentation du module C:\Users\CDA-05\Desktop\BarrelMCD-python-main\BarrelMCD-python-main\tests\test_sql_inspector.py: 'DocGenerator' object has no attribute '_generate_function_html'
2025-04-07 13:24:02,895 - ERROR - Erreur lors de la génération de la documentation du module C:\Users\CDA-05\Desktop\BarrelMCD-python-main\BarrelMCD-python-main\views\animations.py: 'DocGenerator' object has no attribute '_generate_function_html'
2025-04-07 13:24:02,899 - ERROR - Erreur lors du traitement du fichier C:\Users\CDA-05\Desktop\BarrelMCD-python-main\BarrelMCD-python-main\views\canvas.py: expected an indented block after 'try' statement on line 243 (<unknown>, line 244)
2025-04-07 13:24:03,067 - ERROR - Erreur lors de la génération de la documentation du module C:\Users\CDA-05\Desktop\BarrelMCD-python-main\BarrelMCD-python-main\views\feedback.py: 'DocGenerator' object has no attribute '_generate_function_html'
2025-04-07 13:24:03,498 - ERROR - Erreur lors de la génération de la documentation du module C:\Users\CDA-05\Desktop\BarrelMCD-python-main\BarrelMCD-python-main\views\model_validator.py: 'DocGenerator' object has no attribute '_generate_function_html'
2025-04-07 13:24:03,970 - ERROR - Erreur lors du traitement du fichier C:\Users\CDA-05\Desktop\BarrelMCD-python-main\BarrelMCD-python-main\views\sql_generator.py: unexpected character after line continuation character (<unknown>, line 132)
2025-04-07 13:24:04,064 - INFO - Documentation générée avec succès dans C:\Users\CDA-05\Desktop\BarrelMCD-python-main\docs
2025-04-07 13:24:04,064 - INFO - Documentation générée avec succès dans le répertoire 'docs'
2025-04-07 13:24:04,064 - INFO - Vous pouvez ouvrir C:\Users\CDA-05\Desktop\BarrelMCD-python-main\docs\index.html dans votre navigateur
2025-04-07 13:25:02,737 - INFO - Début de la génération de la documentation...
2025-04-07 13:25:03,141 - ERROR - Erreur lors du traitement du fichier C:\Users\CDA-05\Desktop\BarrelMCD-python-main\BarrelMCD-python-main\views\canvas.py: expected an indented block after 'try' statement on line 243 (<unknown>, line 244)
2025-04-07 13:25:04,203 - ERROR - Erreur lors du traitement du fichier C:\Users\CDA-05\Desktop\BarrelMCD-python-main\BarrelMCD-python-main\views\sql_generator.py: unexpected character after line continuation character (<unknown>, line 132)
2025-04-07 13:25:04,312 - INFO - Documentation générée avec succès dans C:\Users\CDA-05\Desktop\BarrelMCD-python-main\docs
2025-04-07 13:25:04,313 - INFO - Documentation générée avec succès dans le répertoire 'docs'
2025-04-07 13:25:04,313 - INFO - Vous pouvez ouvrir C:\Users\CDA-05\Desktop\BarrelMCD-python-main\docs\index.html dans votre navigateur
